2021/04/25 10:50:33 [INFO] Terraform version: 0.14.9  
2021/04/25 10:50:33 [INFO] Go runtime version: go1.15.6
2021/04/25 10:50:33 [INFO] CLI args: []string{"/usr/local/bin/terraform", "init"}
2021/04/25 10:50:33 [DEBUG] Attempting to open CLI config file: /Users/ns142e/.terraformrc
2021/04/25 10:50:33 [DEBUG] File doesn't exist, but doesn't need to. Ignoring.
2021/04/25 10:50:33 [DEBUG] ignoring non-existing provider search directory terraform.d/plugins
2021/04/25 10:50:33 [DEBUG] ignoring non-existing provider search directory /Users/ns142e/.terraform.d/plugins
2021/04/25 10:50:33 [DEBUG] ignoring non-existing provider search directory /Users/ns142e/Library/Application Support/io.terraform/plugins
2021/04/25 10:50:33 [DEBUG] ignoring non-existing provider search directory /Library/Application Support/io.terraform/plugins
2021/04/25 10:50:33 [INFO] CLI command args: []string{"init"}
2021/04/25 10:50:33 [TRACE] ModuleInstaller: installing child modules for . into .terraform/modules
2021/04/25 10:50:33 [DEBUG] Module installer: begin appservice
2021/04/25 10:50:33 [TRACE] ModuleInstaller: appservice source address has changed from "../../modules/appservice" to "./modules/appservice"
2021/04/25 10:50:33 [TRACE] ModuleInstaller: discarding previous record of appservice prior to reinstall
2021/04/25 10:50:33 [TRACE] ModuleInstaller: cleaning directory .terraform/modules/appservice prior to install of appservice
2021/04/25 10:50:33 [TRACE] ModuleInstaller: appservice has local path "./modules/appservice"
2021/04/25 10:50:33 [TRACE] ModuleInstaller: appservice uses directory from parent: modules/appservice
2021/04/25 10:50:33 [DEBUG] Module installer: appservice installed at modules/appservice
2021/04/25 10:50:33 [DEBUG] Module installer: begin network
2021/04/25 10:50:33 [TRACE] ModuleInstaller: network source address has changed from "../../modules/network" to "./modules/network"
2021/04/25 10:50:33 [TRACE] ModuleInstaller: discarding previous record of network prior to reinstall
2021/04/25 10:50:33 [TRACE] ModuleInstaller: cleaning directory .terraform/modules/network prior to install of network
2021/04/25 10:50:33 [TRACE] ModuleInstaller: network has local path "./modules/network"
2021/04/25 10:50:33 [TRACE] ModuleInstaller: network uses directory from parent: modules/network
2021/04/25 10:50:33 [DEBUG] Module installer: network installed at modules/network
2021/04/25 10:50:33 [DEBUG] Module installer: begin nsg-test
2021/04/25 10:50:33 [TRACE] ModuleInstaller: nsg-test source address has changed from "../../modules/networksecuritygroup" to "./modules/networksecuritygroup"
2021/04/25 10:50:33 [TRACE] ModuleInstaller: discarding previous record of nsg-test prior to reinstall
2021/04/25 10:50:33 [TRACE] ModuleInstaller: cleaning directory .terraform/modules/nsg-test prior to install of nsg-test
2021/04/25 10:50:33 [TRACE] ModuleInstaller: nsg-test has local path "./modules/networksecuritygroup"
2021/04/25 10:50:33 [TRACE] ModuleInstaller: nsg-test uses directory from parent: modules/networksecuritygroup
2021/04/25 10:50:33 [DEBUG] Module installer: nsg-test installed at modules/networksecuritygroup
2021/04/25 10:50:33 [DEBUG] Module installer: begin publicip
2021/04/25 10:50:33 [TRACE] ModuleInstaller: publicip source address has changed from "../../modules/publicip" to "./modules/publicip"
2021/04/25 10:50:33 [TRACE] ModuleInstaller: discarding previous record of publicip prior to reinstall
2021/04/25 10:50:33 [TRACE] ModuleInstaller: cleaning directory .terraform/modules/publicip prior to install of publicip
2021/04/25 10:50:33 [TRACE] ModuleInstaller: publicip has local path "./modules/publicip"
2021/04/25 10:50:33 [TRACE] ModuleInstaller: publicip uses directory from parent: modules/publicip
2021/04/25 10:50:33 [DEBUG] Module installer: publicip installed at modules/publicip
2021/04/25 10:50:33 [DEBUG] Module installer: begin resource_group
2021/04/25 10:50:33 [TRACE] ModuleInstaller: resource_group source address has changed from "../../modules/resource_group" to "./modules/resource_group"
2021/04/25 10:50:33 [TRACE] ModuleInstaller: discarding previous record of resource_group prior to reinstall
2021/04/25 10:50:33 [TRACE] ModuleInstaller: cleaning directory .terraform/modules/resource_group prior to install of resource_group
2021/04/25 10:50:33 [TRACE] ModuleInstaller: resource_group has local path "./modules/resource_group"
2021/04/25 10:50:33 [TRACE] ModuleInstaller: resource_group uses directory from parent: modules/resource_group
2021/04/25 10:50:33 [DEBUG] Module installer: resource_group installed at modules/resource_group
2021/04/25 10:50:33 [TRACE] modsdir: writing modules manifest to .terraform/modules/modules.json
2021/04/25 10:50:33 [TRACE] Meta.Backend: built configuration for "azurerm" backend with hash value 232393718
2021/04/25 10:50:33 [TRACE] Meta.Backend: backend has not previously been initialized in this working directory
2021/04/25 10:50:33 [DEBUG] New state was assigned lineage "edf9b3dc-8dcc-4c7a-5be6-d2269123e154"
2021/04/25 10:50:33 [TRACE] Meta.Backend: moving from default local state only to "azurerm" backend
2021/04/25 10:50:33 [DEBUG] checking for provisioner in "."
2021/04/25 10:50:33 [DEBUG] checking for provisioner in "/usr/local/bin"
2021/04/25 10:50:33 [INFO] Failed to read plugin lock file .terraform/plugins/darwin_amd64/lock.json: open .terraform/plugins/darwin_amd64/lock.json: no such file or directory
2021/04/25 10:50:33 [TRACE] backend/local: state manager for workspace "default" will:
 - read initial snapshot from terraform.tfstate
 - write new snapshots to terraform.tfstate
 - create any backup at terraform.tfstate.backup
2021/04/25 10:50:33 [TRACE] statemgr.Filesystem: reading initial snapshot from terraform.tfstate
2021/04/25 10:50:33 [TRACE] statemgr.Filesystem: snapshot file has nil snapshot, but that's okay
2021/04/25 10:50:33 [TRACE] statemgr.Filesystem: read nil snapshot
2021/04/25 10:50:33 [TRACE] Meta.Backend: ignoring local "default" workspace because its state is empty
2021/04/25 10:50:33 [DEBUG] New state was assigned lineage "718a1d84-7590-6037-db08-32aac8c97060"
2021/04/25 10:50:33 [TRACE] Preserving existing state lineage "718a1d84-7590-6037-db08-32aac8c97060"
2021/04/25 10:50:33 [TRACE] Meta.Backend: instantiated backend of type *azure.Backend
2021/04/25 10:50:33 [DEBUG] checking for provisioner in "."
2021/04/25 10:50:33 [DEBUG] checking for provisioner in "/usr/local/bin"
2021/04/25 10:50:33 [INFO] Failed to read plugin lock file .terraform/plugins/darwin_amd64/lock.json: open .terraform/plugins/darwin_amd64/lock.json: no such file or directory
2021/04/25 10:50:33 [TRACE] Meta.Backend: backend *azure.Backend does not support operations, so wrapping it in a local backend
panic: runtime error: invalid memory address or nil pointer dereference
[signal SIGSEGV: segmentation violation code=0x1 addr=0x10 pc=0x1f9a1fa]

goroutine 1 [running]:
github.com/hashicorp/terraform/backend/remote-state/azure.(*RemoteClient).Get(0xc0009de000, 0x4a039e0, 0xc0009f0100, 0x349c168)
	/home/circleci/project/project/backend/remote-state/azure/client.go:42 +0x17a
github.com/hashicorp/terraform/states/remote.(*State).refreshState(0xc0001113e0, 0x7, 0x0)
	/home/circleci/project/project/states/remote/state.go:111 +0x38
github.com/hashicorp/terraform/states/remote.(*State).RefreshState(0xc0001113e0, 0x0, 0x0)
	/home/circleci/project/project/states/remote/state.go:104 +0x6c
github.com/hashicorp/terraform/command.(*InitCommand).Run(0xc000764540, 0xc00019a030, 0x0, 0x0, 0xc0005ae0d0)
	/home/circleci/project/project/command/init.go:285 +0x12af
github.com/mitchellh/cli.(*CLI).Run(0xc000176280, 0xc000176280, 0xc0005bfd48, 0x1)
	/go/pkg/mod/github.com/mitchellh/cli@v1.1.0/cli.go:260 +0x1cf
main.wrappedMain(0x0)
	/home/circleci/project/project/main.go:304 +0xe65
main.realMain(0x0)
	/home/circleci/project/project/main.go:106 +0xf1
main.main()
	/home/circleci/project/project/main.go:42 +0x3a
